<?xml version="1.0" encoding="UTF-8"?>
<!-- Generated by org.testng.reporters.JUnitReportReporter -->
<testsuite hostname="WKWIN2804049" failures="0" tests="1" name="DemoCICDWeb.DemoCICDWeb.TestCase1" time="12.843" errors="0" timestamp="23 Jan 2022 09:24:59 GMT" skipped="0">
  <testcase classname="DemoCICDWeb.DemoCICDWeb.TestCase1" name="WebTest" time="12.843"/>
</testsuite> <!-- DemoCICDWeb.DemoCICDWeb.TestCase1 -->
